[35m[Appium][39m Welcome to Appium v1.22.0
[35m[Appium][39m Non-default server args:
[35m[Appium][39m   port: 51551
[35m[Appium][39m   loglevel: info
[35m[Appium][39m   tmpDir: C:\Users\BRIYAN~1\AppData\Local\Temp\\Katalon\Appium\Temp1703660452036
[35m[Appium][39m   chromedriverPort: 51552
[35m[Appium][39m Deprecated server args:
[35m[Appium][39m   [31m--chromedriver-port[39m => --default-capabilities
[35m[Appium][39m Default capabilities, which will be added to each request unless overridden by desired capabilities:
[35m[Appium][39m   chromedriverPort: 51552
[35m[Appium][39m Appium REST http interface listener started on 0.0.0.0:51551
[35m[HTTP][39m [37m-->[39m [37mGET[39m [37m/wd/hub/status[39m
[35m[HTTP][39m [90m{}[39m
[35m[HTTP][39m [37m<-- GET /wd/hub/status [39m[32m200[39m [90m5 ms - 68[39m
[35m[HTTP][39m [90m[39m
[35m[HTTP][39m [37m-->[39m [37mGET[39m [37m/wd/hub/status[39m
[35m[HTTP][39m [90m{}[39m
[35m[HTTP][39m [37m<-- GET /wd/hub/status [39m[32m200[39m [90m1 ms - 68[39m
[35m[HTTP][39m [90m[39m
[35m[HTTP][39m [37m-->[39m [37mPOST[39m [37m/wd/hub/session[39m
[35m[HTTP][39m [90m{"desiredCapabilities":{"appActivity":".Settings","appPackage":"com.android.settings","newCommandTimeout":1800,"platformVersion":"12","automationName":"uiautomator2","autoGrantPermissions":true,"platformName":"Android","udid":"VO8PDAK74XXGGEEQ","deviceName":"realme RMX2151 (Android 12)","platform":"ANDROID","systemPort":8251},"capabilities":{"firstMatch":[{"appium:appActivity":".Settings","appium:appPackage":"com.android.settings","appium:autoGrantPermissions":true,"appium:automationName":"uiautomator2","appium:deviceName":"realme RMX2151 (Android 12)","appium:newCommandTimeout":1800,"platform":"ANDROID","platformName":"android","appium:platformVersion":"12","appium:systemPort":8251,"appium:udid":"VO8PDAK74XXGGEEQ"}]}}[39m
[35m[BaseDriver][39m The following capabilities are not standard capabilities and should have an extension prefix:
[35m[BaseDriver][39m   platform
[35m[BaseDriver][39m   chromedriverPort
[35m[Appium][39m Appium v1.22.0 creating new AndroidUiautomator2Driver (v1.69.0) session
[35m[BaseDriver][39m The following capabilities were provided, but are not recognized by Appium:
[35m[BaseDriver][39m   platform
[35m[BaseDriver][39m Session created with session id: 0b45468b-543c-4569-9d6b-48af886088f8
[35m[UiAutomator2][39m Starting 'com.android.settings' directly on the device
[35m[ADB][39m Found 3 'build-tools' folders under 'C:\Users\Briyan PC\AppData\Local\Android\Sdk' (newest first):
[35m[ADB][39m     C:/Users/Briyan PC/AppData/Local/Android/Sdk/build-tools/34.0.0
[35m[ADB][39m     C:/Users/Briyan PC/AppData/Local/Android/Sdk/build-tools/33.0.1
[35m[ADB][39m     C:/Users/Briyan PC/AppData/Local/Android/Sdk/build-tools/30.0.3
[35m[ADB][39m Using 'adb.exe' from 'C:\Users\Briyan PC\AppData\Local\Android\Sdk\platform-tools\adb.exe'
[35m[AndroidDriver][39m Retrieving device list
[35m[AndroidDriver][39m Using device: VO8PDAK74XXGGEEQ
[35m[ADB][39m Using 'adb.exe' from 'C:\Users\Briyan PC\AppData\Local\Android\Sdk\platform-tools\adb.exe'
[35m[ADB][39m Getting device platform version
[35m[UiAutomator2][39m Relaxing hidden api policy
[35m[AndroidDriver][39m No app sent in, not parsing package/activity
[35m[ADB][39m Using 'apksigner.jar' from 'C:\Users\Briyan PC\AppData\Local\Android\Sdk\build-tools\34.0.0\lib\apksigner.jar'
[35m[ADB][39m 'C:\Users\Briyan PC\AppData\Roaming\npm\node_modules\appium\node_modules\appium-uiautomator2-server\apks\appium-uiautomator2-server-v4.24.0.apk' is signed with the default certificate
[35m[ADB][39m 'C:\Users\Briyan PC\AppData\Roaming\npm\node_modules\appium\node_modules\appium-uiautomator2-server\apks\appium-uiautomator2-server-debug-androidTest.apk' is signed with the default certificate
[35m[UiAutomator2][39m Server packages are not going to be (re)installed
[35m[ADB][39m Adding packages ["io.appium.settings","io.appium.uiautomator2.server","io.appium.uiautomator2.server.test"] to Doze whitelist
[35m[ADB][39m com.android.settings contains no permissions available for granting
[35m[UiAutomator2][39m Starting UIAutomator2 server 4.24.0
[35m[UiAutomator2][39m Using UIAutomator2 server from 'C:\Users\Briyan PC\AppData\Roaming\npm\node_modules\appium\node_modules\appium-uiautomator2-server\apks\appium-uiautomator2-server-v4.24.0.apk' and test from 'C:\Users\Briyan PC\AppData\Roaming\npm\node_modules\appium\node_modules\appium-uiautomator2-server\apks\appium-uiautomator2-server-debug-androidTest.apk'
[35m[UiAutomator2][39m Waiting up to 30000ms for UiAutomator2 to be online...
[35m[WD Proxy][39m socket hang up
[35m[WD Proxy][39m socket hang up
[35m[WD Proxy][39m socket hang up
[35m[WD Proxy][39m Determined the downstream protocol as 'W3C'
[35m[AndroidDriver][39m Screen already unlocked, doing nothing
[35m[UiAutomator2][39m Starting 'com.android.settings/.Settings and waiting for 'com.android.settings/.Settings'
[35m[Appium][39m New AndroidUiautomator2Driver session created successfully, session 0b45468b-543c-4569-9d6b-48af886088f8 added to master session list
[35m[HTTP][39m [37m<-- POST /wd/hub/session [39m[32m200[39m [90m7698 ms - 1172[39m
[35m[HTTP][39m [90m[39m
[35m[HTTP][39m [37m-->[39m [37mGET[39m [37m/wd/hub/session/0b45468b-543c-4569-9d6b-48af886088f8[39m
[35m[HTTP][39m [90m{}[39m
[35m[HTTP][39m [37m<-- GET /wd/hub/session/0b45468b-543c-4569-9d6b-48af886088f8 [39m[32m200[39m [90m10 ms - 1126[39m
[35m[HTTP][39m [90m[39m
[35m[HTTP][39m [37m-->[39m [37mGET[39m [37m/wd/hub/session/0b45468b-543c-4569-9d6b-48af886088f8[39m
[35m[HTTP][39m [90m{}[39m
[35m[HTTP][39m [37m<-- GET /wd/hub/session/0b45468b-543c-4569-9d6b-48af886088f8 [39m[32m200[39m [90m14 ms - 1126[39m
[35m[HTTP][39m [90m[39m
[35m[HTTP][39m [37m-->[39m [37mGET[39m [37m/wd/hub/status[39m
[35m[HTTP][39m [90m{}[39m
[35m[HTTP][39m [37m<-- GET /wd/hub/status [39m[32m200[39m [90m1 ms - 68[39m
[35m[HTTP][39m [90m[39m
[35m[HTTP][39m [37m-->[39m [37mPOST[39m [37m/wd/hub/session/0b45468b-543c-4569-9d6b-48af886088f8/timeouts[39m
[35m[HTTP][39m [90m{"implicit":60000}[39m
[35m[HTTP][39m [37m<-- POST /wd/hub/session/0b45468b-543c-4569-9d6b-48af886088f8/timeouts [39m[32m200[39m [90m3 ms - 14[39m
[35m[HTTP][39m [90m[39m
[35m[HTTP][39m [37m-->[39m [37mGET[39m [37m/wd/hub/session/0b45468b-543c-4569-9d6b-48af886088f8/screenshot[39m
[35m[HTTP][39m [90m{}[39m
[35m[HTTP][39m [37m<-- GET /wd/hub/session/0b45468b-543c-4569-9d6b-48af886088f8/screenshot [39m[32m200[39m [90m556 ms - 193010[39m
[35m[HTTP][39m [90m[39m
[35m[HTTP][39m [37m-->[39m [37mGET[39m [37m/wd/hub/session/0b45468b-543c-4569-9d6b-48af886088f8/window/rect[39m
[35m[HTTP][39m [90m{}[39m
[35m[HTTP][39m [37m<-- GET /wd/hub/session/0b45468b-543c-4569-9d6b-48af886088f8/window/rect [39m[32m200[39m [90m28 ms - 50[39m
[35m[HTTP][39m [90m[39m
[35m[HTTP][39m [37m-->[39m [37mGET[39m [37m/wd/hub/session/0b45468b-543c-4569-9d6b-48af886088f8/appium/device/system_bars[39m
[35m[HTTP][39m [90m{}[39m
[35m[HTTP][39m [37m<-- GET /wd/hub/session/0b45468b-543c-4569-9d6b-48af886088f8/appium/device/system_bars [39m[32m200[39m [90m82 ms - 145[39m
[35m[HTTP][39m [90m[39m
[35m[HTTP][39m [37m-->[39m [37mPOST[39m [37m/wd/hub/session/0b45468b-543c-4569-9d6b-48af886088f8/appium/device/activate_app[39m
[35m[HTTP][39m [90m{"bundleId":"com.kasirajaandroid"}[39m
[35m[HTTP][39m [37m<-- POST /wd/hub/session/0b45468b-543c-4569-9d6b-48af886088f8/appium/device/activate_app [39m[32m200[39m [90m1223 ms - 14[39m
[35m[HTTP][39m [90m[39m
[35m[HTTP][39m [37m-->[39m [37mGET[39m [37m/wd/hub/session/0b45468b-543c-4569-9d6b-48af886088f8/source[39m
[35m[HTTP][39m [90m{}[39m
[35m[W3C (0b45468b)][39m Driver proxy active, passing request on via HTTP proxy
[35m[WD Proxy][39m Replacing sessionId 8c8ab36b-e7d9-4bb7-97c2-0b5932d5342b with 0b45468b-543c-4569-9d6b-48af886088f8
[35m[HTTP][39m [37m<-- GET /wd/hub/session/0b45468b-543c-4569-9d6b-48af886088f8/source [39m[32m200[39m [90m711 ms - 12670[39m
[35m[HTTP][39m [90m[39m
[35m[HTTP][39m [37m-->[39m [37mGET[39m [37m/wd/hub/session/0b45468b-543c-4569-9d6b-48af886088f8/screenshot[39m
[35m[HTTP][39m [90m{}[39m
[35m[HTTP][39m [37m<-- GET /wd/hub/session/0b45468b-543c-4569-9d6b-48af886088f8/screenshot [39m[32m200[39m [90m678 ms - 95320[39m
[35m[HTTP][39m [90m[39m
[35m[HTTP][39m [37m-->[39m [37mPOST[39m [37m/wd/hub/session/0b45468b-543c-4569-9d6b-48af886088f8/elements[39m
[35m[HTTP][39m [90m{"using":"xpath","value":"//*[@class = 'android.widget.EditText' and (@text = '' or . = '')]"}[39m
[35m[HTTP][39m [37m<-- POST /wd/hub/session/0b45468b-543c-4569-9d6b-48af886088f8/elements [39m[32m200[39m [90m393 ms - 267[39m
[35m[HTTP][39m [90m[39m
[35m[HTTP][39m [37m-->[39m [37mPOST[39m [37m/wd/hub/session/0b45468b-543c-4569-9d6b-48af886088f8/elements[39m
[35m[HTTP][39m [90m{"using":"-android uiautomator","value":"new UiSelector().className(\"android.widget.EditText\")"}[39m
[35m[HTTP][39m [37m<-- POST /wd/hub/session/0b45468b-543c-4569-9d6b-48af886088f8/elements [39m[32m200[39m [90m267 ms - 267[39m
[35m[HTTP][39m [90m[39m
[35m[HTTP][39m [37m-->[39m [37mGET[39m [37m/wd/hub/session/0b45468b-543c-4569-9d6b-48af886088f8/window/rect[39m
[35m[HTTP][39m [90m{}[39m
[35m[HTTP][39m [37m<-- GET /wd/hub/session/0b45468b-543c-4569-9d6b-48af886088f8/window/rect [39m[32m200[39m [90m32 ms - 50[39m
[35m[HTTP][39m [90m[39m
[35m[HTTP][39m [37m-->[39m [37mPOST[39m [37m/wd/hub/session/0b45468b-543c-4569-9d6b-48af886088f8/elements[39m
[35m[HTTP][39m [90m{"using":"xpath","value":"//hierarchy/android.widget.FrameLayout[1]/android.widget.LinearLayout[1]/android.widget.FrameLayout[1]/android.widget.LinearLayout[1]/android.widget.FrameLayout[1]/android.widget.FrameLayout[1]/android.view.ViewGroup[1]/androidx.drawerlayout.widget.DrawerLayout[1]/android.view.ViewGroup[1]/android.view.ViewGroup[1]/android.view.ViewGroup[1]/android.view.ViewGroup[1]/android.view.ViewGroup[1]/android.view.ViewGroup[1]/android.view.ViewGroup[2]/android.widget.EditText[1]"}[39m
[35m[HTTP][39m [37m<-- POST /wd/hub/session/0b45468b-543c-4569-9d6b-48af886088f8/elements [39m[32m200[39m [90m317 ms - 139[39m
[35m[HTTP][39m [90m[39m
[35m[HTTP][39m [37m-->[39m [37mGET[39m [37m/wd/hub/session/0b45468b-543c-4569-9d6b-48af886088f8/element/00000000-0000-0317-ffff-ffff0000065b/location[39m
[35m[HTTP][39m [90m{}[39m
[35m[W3C (0b45468b)][39m Driver proxy active, passing request on via HTTP proxy
[35m[WD Proxy][39m Replacing sessionId 8c8ab36b-e7d9-4bb7-97c2-0b5932d5342b with 0b45468b-543c-4569-9d6b-48af886088f8
[35m[HTTP][39m [37m<-- GET /wd/hub/session/0b45468b-543c-4569-9d6b-48af886088f8/element/00000000-0000-0317-ffff-ffff0000065b/location [39m[32m200[39m [90m37 ms - 78[39m
[35m[HTTP][39m [90m[39m
[35m[HTTP][39m [37m-->[39m [37mPOST[39m [37m/wd/hub/session/0b45468b-543c-4569-9d6b-48af886088f8/element/00000000-0000-0317-ffff-ffff0000065b/clear[39m
[35m[HTTP][39m [90m{"id":"00000000-0000-0317-ffff-ffff0000065b"}[39m
[35m[HTTP][39m [37m<-- POST /wd/hub/session/0b45468b-543c-4569-9d6b-48af886088f8/element/00000000-0000-0317-ffff-ffff0000065b/clear [39m[32m200[39m [90m52 ms - 14[39m
[35m[HTTP][39m [90m[39m
[35m[HTTP][39m [37m-->[39m [37mPOST[39m [37m/wd/hub/session/0b45468b-543c-4569-9d6b-48af886088f8/element/00000000-0000-0317-ffff-ffff0000065b/value[39m
[35m[HTTP][39m [90m{"id":"00000000-0000-0317-ffff-ffff0000065b","text":"qashop@gmail.com","value":["q","a","s","h","o","p","@","g","m","a","i","l",".","c","o","m"]}[39m
[35m[HTTP][39m [37m<-- POST /wd/hub/session/0b45468b-543c-4569-9d6b-48af886088f8/element/00000000-0000-0317-ffff-ffff0000065b/value [39m[32m200[39m [90m594 ms - 14[39m
[35m[HTTP][39m [90m[39m
[35m[HTTP][39m [37m-->[39m [37mGET[39m [37m/wd/hub/session/0b45468b-543c-4569-9d6b-48af886088f8/source[39m
[35m[HTTP][39m [90m{}[39m
[35m[W3C (0b45468b)][39m Driver proxy active, passing request on via HTTP proxy
[35m[WD Proxy][39m Replacing sessionId 8c8ab36b-e7d9-4bb7-97c2-0b5932d5342b with 0b45468b-543c-4569-9d6b-48af886088f8
[35m[HTTP][39m [37m<-- GET /wd/hub/session/0b45468b-543c-4569-9d6b-48af886088f8/source [39m[32m200[39m [90m2663 ms - 12686[39m
[35m[HTTP][39m [90m[39m
[35m[HTTP][39m [37m-->[39m [37mGET[39m [37m/wd/hub/session/0b45468b-543c-4569-9d6b-48af886088f8/screenshot[39m
[35m[HTTP][39m [90m{}[39m
[35m[HTTP][39m [37m<-- GET /wd/hub/session/0b45468b-543c-4569-9d6b-48af886088f8/screenshot [39m[32m200[39m [90m706 ms - 105452[39m
[35m[HTTP][39m [90m[39m
[35m[HTTP][39m [37m-->[39m [37mPOST[39m [37m/wd/hub/session/0b45468b-543c-4569-9d6b-48af886088f8/elements[39m
[35m[HTTP][39m [90m{"using":"xpath","value":"//*[@class = 'android.widget.EditText' and (@text = '' or . = '')]"}[39m
[35m[HTTP][39m [37m<-- POST /wd/hub/session/0b45468b-543c-4569-9d6b-48af886088f8/elements [39m[32m200[39m [90m915 ms - 267[39m
[35m[HTTP][39m [90m[39m
[35m[HTTP][39m [37m-->[39m [37mPOST[39m [37m/wd/hub/session/0b45468b-543c-4569-9d6b-48af886088f8/elements[39m
[35m[HTTP][39m [90m{"using":"-android uiautomator","value":"new UiSelector().className(\"android.widget.EditText\")"}[39m
[35m[HTTP][39m [37m<-- POST /wd/hub/session/0b45468b-543c-4569-9d6b-48af886088f8/elements [39m[32m200[39m [90m233 ms - 267[39m
[35m[HTTP][39m [90m[39m
[35m[HTTP][39m [37m-->[39m [37mGET[39m [37m/wd/hub/session/0b45468b-543c-4569-9d6b-48af886088f8/window/rect[39m
[35m[HTTP][39m [90m{}[39m
[35m[HTTP][39m [37m<-- GET /wd/hub/session/0b45468b-543c-4569-9d6b-48af886088f8/window/rect [39m[32m200[39m [90m24 ms - 50[39m
[35m[HTTP][39m [90m[39m
[35m[HTTP][39m [37m-->[39m [37mPOST[39m [37m/wd/hub/session/0b45468b-543c-4569-9d6b-48af886088f8/elements[39m
[35m[HTTP][39m [90m{"using":"xpath","value":"//hierarchy/android.widget.FrameLayout[1]/android.widget.LinearLayout[1]/android.widget.FrameLayout[1]/android.widget.LinearLayout[1]/android.widget.FrameLayout[1]/android.widget.FrameLayout[1]/android.view.ViewGroup[1]/androidx.drawerlayout.widget.DrawerLayout[1]/android.view.ViewGroup[1]/android.view.ViewGroup[1]/android.view.ViewGroup[1]/android.view.ViewGroup[1]/android.view.ViewGroup[1]/android.view.ViewGroup[1]/android.view.ViewGroup[4]/android.widget.EditText[1]"}[39m
[35m[HTTP][39m [37m<-- POST /wd/hub/session/0b45468b-543c-4569-9d6b-48af886088f8/elements [39m[32m200[39m [90m687 ms - 139[39m
[35m[HTTP][39m [90m[39m
[35m[HTTP][39m [37m-->[39m [37mGET[39m [37m/wd/hub/session/0b45468b-543c-4569-9d6b-48af886088f8/element/00000000-0000-0317-ffff-ffff0000065f/location[39m
[35m[HTTP][39m [90m{}[39m
[35m[W3C (0b45468b)][39m Driver proxy active, passing request on via HTTP proxy
[35m[WD Proxy][39m Replacing sessionId 8c8ab36b-e7d9-4bb7-97c2-0b5932d5342b with 0b45468b-543c-4569-9d6b-48af886088f8
[35m[HTTP][39m [37m<-- GET /wd/hub/session/0b45468b-543c-4569-9d6b-48af886088f8/element/00000000-0000-0317-ffff-ffff0000065f/location [39m[32m200[39m [90m36 ms - 79[39m
[35m[HTTP][39m [90m[39m
[35m[HTTP][39m [37m-->[39m [37mPOST[39m [37m/wd/hub/session/0b45468b-543c-4569-9d6b-48af886088f8/element/00000000-0000-0317-ffff-ffff0000065f/clear[39m
[35m[HTTP][39m [90m{"id":"00000000-0000-0317-ffff-ffff0000065f"}[39m
[35m[HTTP][39m [37m<-- POST /wd/hub/session/0b45468b-543c-4569-9d6b-48af886088f8/element/00000000-0000-0317-ffff-ffff0000065f/clear [39m[32m200[39m [90m51 ms - 14[39m
[35m[HTTP][39m [90m[39m
[35m[HTTP][39m [37m-->[39m [37mPOST[39m [37m/wd/hub/session/0b45468b-543c-4569-9d6b-48af886088f8/element/00000000-0000-0317-ffff-ffff0000065f/value[39m
[35m[HTTP][39m [90m{"id":"00000000-0000-0317-ffff-ffff0000065f","text":"12345","value":["1","2","3","4","5"]}[39m
[35m[HTTP][39m [37m<-- POST /wd/hub/session/0b45468b-543c-4569-9d6b-48af886088f8/element/00000000-0000-0317-ffff-ffff0000065f/value [39m[32m200[39m [90m555 ms - 14[39m
[35m[HTTP][39m [90m[39m
[35m[HTTP][39m [37m-->[39m [37mGET[39m [37m/wd/hub/session/0b45468b-543c-4569-9d6b-48af886088f8/source[39m
[35m[HTTP][39m [90m{}[39m
[35m[W3C (0b45468b)][39m Driver proxy active, passing request on via HTTP proxy
[35m[WD Proxy][39m Replacing sessionId 8c8ab36b-e7d9-4bb7-97c2-0b5932d5342b with 0b45468b-543c-4569-9d6b-48af886088f8
[35m[HTTP][39m [37m<-- GET /wd/hub/session/0b45468b-543c-4569-9d6b-48af886088f8/source [39m[32m200[39m [90m2736 ms - 12701[39m
[35m[HTTP][39m [90m[39m
[35m[HTTP][39m [37m-->[39m [37mGET[39m [37m/wd/hub/session/0b45468b-543c-4569-9d6b-48af886088f8/screenshot[39m
[35m[HTTP][39m [90m{}[39m
[35m[HTTP][39m [37m<-- GET /wd/hub/session/0b45468b-543c-4569-9d6b-48af886088f8/screenshot [39m[32m200[39m [90m664 ms - 106446[39m
[35m[HTTP][39m [90m[39m
[35m[HTTP][39m [37m-->[39m [37mPOST[39m [37m/wd/hub/session/0b45468b-543c-4569-9d6b-48af886088f8/elements[39m
[35m[HTTP][39m [90m{"using":"xpath","value":"//*[@class = 'android.widget.TextView' and (@text = 'login' or . = 'login')]"}[39m
[35m[HTTP][39m [37m<-- POST /wd/hub/session/0b45468b-543c-4569-9d6b-48af886088f8/elements [39m[32m200[39m [90m321 ms - 139[39m
[35m[HTTP][39m [90m[39m
[35m[HTTP][39m [37m-->[39m [37mGET[39m [37m/wd/hub/session/0b45468b-543c-4569-9d6b-48af886088f8/window/rect[39m
[35m[HTTP][39m [90m{}[39m
[35m[HTTP][39m [37m<-- GET /wd/hub/session/0b45468b-543c-4569-9d6b-48af886088f8/window/rect [39m[32m200[39m [90m16 ms - 50[39m
[35m[HTTP][39m [90m[39m
[35m[HTTP][39m [37m-->[39m [37mPOST[39m [37m/wd/hub/session/0b45468b-543c-4569-9d6b-48af886088f8/elements[39m
[35m[HTTP][39m [90m{"using":"xpath","value":"//*[@class = 'android.widget.TextView' and (@text = 'login' or . = 'login')]"}[39m
[35m[HTTP][39m [37m<-- POST /wd/hub/session/0b45468b-543c-4569-9d6b-48af886088f8/elements [39m[32m200[39m [90m301 ms - 139[39m
[35m[HTTP][39m [90m[39m
[35m[HTTP][39m [37m-->[39m [37mGET[39m [37m/wd/hub/session/0b45468b-543c-4569-9d6b-48af886088f8/element/00000000-0000-0317-ffff-ffff00000661/location[39m
[35m[HTTP][39m [90m{}[39m
[35m[W3C (0b45468b)][39m Driver proxy active, passing request on via HTTP proxy
[35m[WD Proxy][39m Replacing sessionId 8c8ab36b-e7d9-4bb7-97c2-0b5932d5342b with 0b45468b-543c-4569-9d6b-48af886088f8
[35m[HTTP][39m [37m<-- GET /wd/hub/session/0b45468b-543c-4569-9d6b-48af886088f8/element/00000000-0000-0317-ffff-ffff00000661/location [39m[32m200[39m [90m37 ms - 79[39m
[35m[HTTP][39m [90m[39m
[35m[HTTP][39m [37m-->[39m [37mPOST[39m [37m/wd/hub/session/0b45468b-543c-4569-9d6b-48af886088f8/element/00000000-0000-0317-ffff-ffff00000661/click[39m
[35m[HTTP][39m [90m{"id":"00000000-0000-0317-ffff-ffff00000661"}[39m
[35m[HTTP][39m [37m<-- POST /wd/hub/session/0b45468b-543c-4569-9d6b-48af886088f8/element/00000000-0000-0317-ffff-ffff00000661/click [39m[32m200[39m [90m91 ms - 14[39m
[35m[HTTP][39m [90m[39m
[35m[HTTP][39m [37m-->[39m [37mGET[39m [37m/wd/hub/session/0b45468b-543c-4569-9d6b-48af886088f8/source[39m
[35m[HTTP][39m [90m{}[39m
[35m[W3C (0b45468b)][39m Driver proxy active, passing request on via HTTP proxy
[35m[WD Proxy][39m Replacing sessionId 8c8ab36b-e7d9-4bb7-97c2-0b5932d5342b with 0b45468b-543c-4569-9d6b-48af886088f8
[35m[HTTP][39m [37m<-- GET /wd/hub/session/0b45468b-543c-4569-9d6b-48af886088f8/source [39m[32m200[39m [90m546 ms - 13198[39m
[35m[HTTP][39m [90m[39m
[35m[HTTP][39m [37m-->[39m [37mGET[39m [37m/wd/hub/session/0b45468b-543c-4569-9d6b-48af886088f8/screenshot[39m
[35m[HTTP][39m [90m{}[39m
[35m[HTTP][39m [37m<-- GET /wd/hub/session/0b45468b-543c-4569-9d6b-48af886088f8/screenshot [39m[32m200[39m [90m457 ms - 103544[39m
[35m[HTTP][39m [90m[39m
[35m[HTTP][39m [37m-->[39m [37mGET[39m [37m/wd/hub/session/0b45468b-543c-4569-9d6b-48af886088f8/source[39m
[35m[HTTP][39m [90m{}[39m
[35m[W3C (0b45468b)][39m Driver proxy active, passing request on via HTTP proxy
[35m[WD Proxy][39m Replacing sessionId 8c8ab36b-e7d9-4bb7-97c2-0b5932d5342b with 0b45468b-543c-4569-9d6b-48af886088f8
[35m[HTTP][39m [37m<-- GET /wd/hub/session/0b45468b-543c-4569-9d6b-48af886088f8/source [39m[32m200[39m [90m139 ms - 11807[39m
[35m[HTTP][39m [90m[39m
[35m[HTTP][39m [37m-->[39m [37mGET[39m [37m/wd/hub/session/0b45468b-543c-4569-9d6b-48af886088f8/screenshot[39m
[35m[HTTP][39m [90m{}[39m
[35m[HTTP][39m [37m<-- GET /wd/hub/session/0b45468b-543c-4569-9d6b-48af886088f8/screenshot [39m[32m200[39m [90m418 ms - 60808[39m
[35m[HTTP][39m [90m[39m
[35m[HTTP][39m [37m-->[39m [37mGET[39m [37m/wd/hub/session/0b45468b-543c-4569-9d6b-48af886088f8/source[39m
[35m[HTTP][39m [90m{}[39m
[35m[W3C (0b45468b)][39m Driver proxy active, passing request on via HTTP proxy
[35m[WD Proxy][39m Replacing sessionId 8c8ab36b-e7d9-4bb7-97c2-0b5932d5342b with 0b45468b-543c-4569-9d6b-48af886088f8
[35m[HTTP][39m [37m<-- GET /wd/hub/session/0b45468b-543c-4569-9d6b-48af886088f8/source [39m[32m200[39m [90m253 ms - 11807[39m
[35m[HTTP][39m [90m[39m
[35m[HTTP][39m [37m-->[39m [37mGET[39m [37m/wd/hub/session/0b45468b-543c-4569-9d6b-48af886088f8/screenshot[39m
[35m[HTTP][39m [90m{}[39m
[35m[HTTP][39m [37m<-- GET /wd/hub/session/0b45468b-543c-4569-9d6b-48af886088f8/screenshot [39m[32m200[39m [90m537 ms - 61304[39m
[35m[HTTP][39m [90m[39m
[35m[HTTP][39m [37m-->[39m [37mPOST[39m [37m/wd/hub/session/0b45468b-543c-4569-9d6b-48af886088f8/elements[39m
[35m[HTTP][39m [90m{"using":"xpath","value":"//*[@class = 'android.widget.TextView' and (@text = '' or . = '')]"}[39m
[35m[HTTP][39m [37m<-- POST /wd/hub/session/0b45468b-543c-4569-9d6b-48af886088f8/elements [39m[32m200[39m [90m283 ms - 139[39m
[35m[HTTP][39m [90m[39m
[35m[HTTP][39m [37m-->[39m [37mGET[39m [37m/wd/hub/session/0b45468b-543c-4569-9d6b-48af886088f8/window/rect[39m
[35m[HTTP][39m [90m{}[39m
[35m[HTTP][39m [37m<-- GET /wd/hub/session/0b45468b-543c-4569-9d6b-48af886088f8/window/rect [39m[32m200[39m [90m15 ms - 50[39m
[35m[HTTP][39m [90m[39m
[35m[HTTP][39m [37m-->[39m [37mPOST[39m [37m/wd/hub/session/0b45468b-543c-4569-9d6b-48af886088f8/elements[39m
[35m[HTTP][39m [90m{"using":"xpath","value":"//*[@class = 'android.widget.TextView' and (@text = '' or . = '')]"}[39m
[35m[HTTP][39m [37m<-- POST /wd/hub/session/0b45468b-543c-4569-9d6b-48af886088f8/elements [39m[32m200[39m [90m658 ms - 139[39m
[35m[HTTP][39m [90m[39m
[35m[HTTP][39m [37m-->[39m [37mGET[39m [37m/wd/hub/session/0b45468b-543c-4569-9d6b-48af886088f8/element/00000000-0000-0317-ffff-ffff000006a4/location[39m
[35m[HTTP][39m [90m{}[39m
[35m[W3C (0b45468b)][39m Driver proxy active, passing request on via HTTP proxy
[35m[WD Proxy][39m Replacing sessionId 8c8ab36b-e7d9-4bb7-97c2-0b5932d5342b with 0b45468b-543c-4569-9d6b-48af886088f8
[35m[HTTP][39m [37m<-- GET /wd/hub/session/0b45468b-543c-4569-9d6b-48af886088f8/element/00000000-0000-0317-ffff-ffff000006a4/location [39m[32m200[39m [90m52 ms - 77[39m
[35m[HTTP][39m [90m[39m
[35m[HTTP][39m [37m-->[39m [37mPOST[39m [37m/wd/hub/session/0b45468b-543c-4569-9d6b-48af886088f8/element/00000000-0000-0317-ffff-ffff000006a4/click[39m
[35m[HTTP][39m [90m{"id":"00000000-0000-0317-ffff-ffff000006a4"}[39m
[35m[HTTP][39m [37m<-- POST /wd/hub/session/0b45468b-543c-4569-9d6b-48af886088f8/element/00000000-0000-0317-ffff-ffff000006a4/click [39m[32m200[39m [90m85 ms - 14[39m
[35m[HTTP][39m [90m[39m
[35m[HTTP][39m [37m-->[39m [37mGET[39m [37m/wd/hub/session/0b45468b-543c-4569-9d6b-48af886088f8/source[39m
[35m[HTTP][39m [90m{}[39m
[35m[W3C (0b45468b)][39m Driver proxy active, passing request on via HTTP proxy
[35m[WD Proxy][39m Replacing sessionId 8c8ab36b-e7d9-4bb7-97c2-0b5932d5342b with 0b45468b-543c-4569-9d6b-48af886088f8
[35m[HTTP][39m [37m<-- GET /wd/hub/session/0b45468b-543c-4569-9d6b-48af886088f8/source [39m[32m200[39m [90m858 ms - 24593[39m
[35m[HTTP][39m [90m[39m
[35m[HTTP][39m [37m-->[39m [37mGET[39m [37m/wd/hub/session/0b45468b-543c-4569-9d6b-48af886088f8/screenshot[39m
[35m[HTTP][39m [90m{}[39m
[35m[HTTP][39m [37m<-- GET /wd/hub/session/0b45468b-543c-4569-9d6b-48af886088f8/screenshot [39m[32m200[39m [90m611 ms - 134046[39m
[35m[HTTP][39m [90m[39m
[35m[HTTP][39m [37m-->[39m [37mPOST[39m [37m/wd/hub/session/0b45468b-543c-4569-9d6b-48af886088f8/elements[39m
[35m[HTTP][39m [90m{"using":"xpath","value":"//*[@class = 'android.widget.TextView' and (@text = 'pengguna' or . = 'pengguna')]"}[39m
[35m[HTTP][39m [37m<-- POST /wd/hub/session/0b45468b-543c-4569-9d6b-48af886088f8/elements [39m[32m200[39m [90m2479 ms - 139[39m
[35m[HTTP][39m [90m[39m
[35m[HTTP][39m [37m-->[39m [37mGET[39m [37m/wd/hub/session/0b45468b-543c-4569-9d6b-48af886088f8/window/rect[39m
[35m[HTTP][39m [90m{}[39m
[35m[HTTP][39m [37m<-- GET /wd/hub/session/0b45468b-543c-4569-9d6b-48af886088f8/window/rect [39m[32m200[39m [90m13 ms - 50[39m
[35m[HTTP][39m [90m[39m
[35m[HTTP][39m [37m-->[39m [37mPOST[39m [37m/wd/hub/session/0b45468b-543c-4569-9d6b-48af886088f8/elements[39m
[35m[HTTP][39m [90m{"using":"xpath","value":"//*[@class = 'android.widget.TextView' and (@text = 'pengguna' or . = 'pengguna')]"}[39m
[35m[HTTP][39m [37m<-- POST /wd/hub/session/0b45468b-543c-4569-9d6b-48af886088f8/elements [39m[32m200[39m [90m649 ms - 139[39m
[35m[HTTP][39m [90m[39m
[35m[HTTP][39m [37m-->[39m [37mGET[39m [37m/wd/hub/session/0b45468b-543c-4569-9d6b-48af886088f8/element/00000000-0000-0317-ffff-ffff00000674/location[39m
[35m[HTTP][39m [90m{}[39m
[35m[W3C (0b45468b)][39m Driver proxy active, passing request on via HTTP proxy
[35m[WD Proxy][39m Replacing sessionId 8c8ab36b-e7d9-4bb7-97c2-0b5932d5342b with 0b45468b-543c-4569-9d6b-48af886088f8
[35m[HTTP][39m [37m<-- GET /wd/hub/session/0b45468b-543c-4569-9d6b-48af886088f8/element/00000000-0000-0317-ffff-ffff00000674/location [39m[32m200[39m [90m36 ms - 79[39m
[35m[HTTP][39m [90m[39m
[35m[HTTP][39m [37m-->[39m [37mPOST[39m [37m/wd/hub/session/0b45468b-543c-4569-9d6b-48af886088f8/element/00000000-0000-0317-ffff-ffff00000674/click[39m
[35m[HTTP][39m [90m{"id":"00000000-0000-0317-ffff-ffff00000674"}[39m
[35m[HTTP][39m [37m<-- POST /wd/hub/session/0b45468b-543c-4569-9d6b-48af886088f8/element/00000000-0000-0317-ffff-ffff00000674/click [39m[32m200[39m [90m67 ms - 14[39m
[35m[HTTP][39m [90m[39m
[35m[HTTP][39m [37m-->[39m [37mGET[39m [37m/wd/hub/session/0b45468b-543c-4569-9d6b-48af886088f8/source[39m
[35m[HTTP][39m [90m{}[39m
[35m[W3C (0b45468b)][39m Driver proxy active, passing request on via HTTP proxy
[35m[WD Proxy][39m Replacing sessionId 8c8ab36b-e7d9-4bb7-97c2-0b5932d5342b with 0b45468b-543c-4569-9d6b-48af886088f8
[35m[HTTP][39m [37m<-- GET /wd/hub/session/0b45468b-543c-4569-9d6b-48af886088f8/source [39m[32m200[39m [90m1233 ms - 16737[39m
[35m[HTTP][39m [90m[39m
[35m[HTTP][39m [37m-->[39m [37mGET[39m [37m/wd/hub/session/0b45468b-543c-4569-9d6b-48af886088f8/screenshot[39m
[35m[HTTP][39m [90m{}[39m
[35m[HTTP][39m [37m<-- GET /wd/hub/session/0b45468b-543c-4569-9d6b-48af886088f8/screenshot [39m[32m200[39m [90m537 ms - 102792[39m
[35m[HTTP][39m [90m[39m
[35m[HTTP][39m [37m-->[39m [37mPOST[39m [37m/wd/hub/session/0b45468b-543c-4569-9d6b-48af886088f8/elements[39m
[35m[HTTP][39m [90m{"using":"xpath","value":"//*[@class = 'android.view.ViewGroup' and (@text = '' or . = '')]"}[39m
[35m[HTTP][39m [37m<-- POST /wd/hub/session/0b45468b-543c-4569-9d6b-48af886088f8/elements [39m[32m200[39m [90m388 ms - 2187[39m
[35m[HTTP][39m [90m[39m
[35m[HTTP][39m [37m-->[39m [37mPOST[39m [37m/wd/hub/session/0b45468b-543c-4569-9d6b-48af886088f8/elements[39m
[35m[HTTP][39m [90m{"using":"-android uiautomator","value":"new UiSelector().className(\"android.view.ViewGroup\")"}[39m
[35m[HTTP][39m [37m<-- POST /wd/hub/session/0b45468b-543c-4569-9d6b-48af886088f8/elements [39m[32m200[39m [90m513 ms - 2187[39m
[35m[HTTP][39m [90m[39m
[35m[HTTP][39m [37m-->[39m [37mGET[39m [37m/wd/hub/session/0b45468b-543c-4569-9d6b-48af886088f8/window/rect[39m
[35m[HTTP][39m [90m{}[39m
[35m[HTTP][39m [37m<-- GET /wd/hub/session/0b45468b-543c-4569-9d6b-48af886088f8/window/rect [39m[32m200[39m [90m21 ms - 50[39m
[35m[HTTP][39m [90m[39m
[35m[HTTP][39m [37m-->[39m [37mPOST[39m [37m/wd/hub/session/0b45468b-543c-4569-9d6b-48af886088f8/elements[39m
[35m[HTTP][39m [90m{"using":"xpath","value":"//hierarchy/android.widget.FrameLayout[1]/android.widget.LinearLayout[1]/android.widget.FrameLayout[1]/android.widget.LinearLayout[1]/android.widget.FrameLayout[1]/android.widget.FrameLayout[1]/android.view.ViewGroup[1]/androidx.drawerlayout.widget.DrawerLayout[1]/android.view.ViewGroup[1]/android.view.ViewGroup[1]/android.view.ViewGroup[1]/android.view.ViewGroup[1]/android.view.ViewGroup[2]/android.view.ViewGroup[1]/android.view.ViewGroup[2]/android.widget.ScrollView[1]/android.view.ViewGroup[1]/android.view.ViewGroup[1]/android.view.ViewGroup[1]/android.view.ViewGroup[1]"}[39m
[35m[HTTP][39m [37m<-- POST /wd/hub/session/0b45468b-543c-4569-9d6b-48af886088f8/elements [39m[32m200[39m [90m289 ms - 139[39m
[35m[HTTP][39m [90m[39m
[35m[HTTP][39m [37m-->[39m [37mGET[39m [37m/wd/hub/session/0b45468b-543c-4569-9d6b-48af886088f8/element/00000000-0000-0317-ffff-ffff000006f5/location[39m
[35m[HTTP][39m [90m{}[39m
[35m[W3C (0b45468b)][39m Driver proxy active, passing request on via HTTP proxy
[35m[WD Proxy][39m Replacing sessionId 8c8ab36b-e7d9-4bb7-97c2-0b5932d5342b with 0b45468b-543c-4569-9d6b-48af886088f8
[35m[HTTP][39m [37m<-- GET /wd/hub/session/0b45468b-543c-4569-9d6b-48af886088f8/element/00000000-0000-0317-ffff-ffff000006f5/location [39m[32m200[39m [90m882 ms - 77[39m
[35m[HTTP][39m [90m[39m
[35m[HTTP][39m [37m-->[39m [37mPOST[39m [37m/wd/hub/session/0b45468b-543c-4569-9d6b-48af886088f8/element/00000000-0000-0317-ffff-ffff000006f5/click[39m
[35m[HTTP][39m [90m{"id":"00000000-0000-0317-ffff-ffff000006f5"}[39m
[35m[HTTP][39m [37m<-- POST /wd/hub/session/0b45468b-543c-4569-9d6b-48af886088f8/element/00000000-0000-0317-ffff-ffff000006f5/click [39m[32m200[39m [90m87 ms - 14[39m
[35m[HTTP][39m [90m[39m
[35m[HTTP][39m [37m-->[39m [37mGET[39m [37m/wd/hub/session/0b45468b-543c-4569-9d6b-48af886088f8/source[39m
[35m[HTTP][39m [90m{}[39m
[35m[W3C (0b45468b)][39m Driver proxy active, passing request on via HTTP proxy
[35m[WD Proxy][39m Replacing sessionId 8c8ab36b-e7d9-4bb7-97c2-0b5932d5342b with 0b45468b-543c-4569-9d6b-48af886088f8
[35m[HTTP][39m [37m<-- GET /wd/hub/session/0b45468b-543c-4569-9d6b-48af886088f8/source [39m[32m200[39m [90m634 ms - 15767[39m
[35m[HTTP][39m [90m[39m
[35m[HTTP][39m [37m-->[39m [37mGET[39m [37m/wd/hub/session/0b45468b-543c-4569-9d6b-48af886088f8/screenshot[39m
[35m[HTTP][39m [90m{}[39m
[35m[HTTP][39m [37m<-- GET /wd/hub/session/0b45468b-543c-4569-9d6b-48af886088f8/screenshot [39m[32m200[39m [90m2113 ms - 98708[39m
[35m[HTTP][39m [90m[39m
[35m[HTTP][39m [37m-->[39m [37mPOST[39m [37m/wd/hub/session/0b45468b-543c-4569-9d6b-48af886088f8/elements[39m
[35m[HTTP][39m [90m{"using":"xpath","value":"//*[@class = 'android.widget.Button' and (@text = '' or . = '')]"}[39m
[35m[HTTP][39m [37m<-- POST /wd/hub/session/0b45468b-543c-4569-9d6b-48af886088f8/elements [39m[32m200[39m [90m922 ms - 395[39m
[35m[HTTP][39m [90m[39m
[35m[HTTP][39m [37m-->[39m [37mPOST[39m [37m/wd/hub/session/0b45468b-543c-4569-9d6b-48af886088f8/elements[39m
[35m[HTTP][39m [90m{"using":"-android uiautomator","value":"new UiSelector().className(\"android.widget.Button\")"}[39m
[35m[HTTP][39m [37m<-- POST /wd/hub/session/0b45468b-543c-4569-9d6b-48af886088f8/elements [39m[32m200[39m [90m300 ms - 395[39m
[35m[HTTP][39m [90m[39m
[35m[HTTP][39m [37m-->[39m [37mGET[39m [37m/wd/hub/session/0b45468b-543c-4569-9d6b-48af886088f8/window/rect[39m
[35m[HTTP][39m [90m{}[39m
[35m[HTTP][39m [37m<-- GET /wd/hub/session/0b45468b-543c-4569-9d6b-48af886088f8/window/rect [39m[32m200[39m [90m22 ms - 50[39m
[35m[HTTP][39m [90m[39m
[35m[HTTP][39m [37m-->[39m [37mPOST[39m [37m/wd/hub/session/0b45468b-543c-4569-9d6b-48af886088f8/elements[39m
[35m[HTTP][39m [90m{"using":"xpath","value":"//hierarchy/android.widget.FrameLayout[1]/android.widget.LinearLayout[1]/android.widget.FrameLayout[1]/android.widget.LinearLayout[1]/android.widget.FrameLayout[1]/android.widget.FrameLayout[1]/android.view.ViewGroup[1]/androidx.drawerlayout.widget.DrawerLayout[1]/android.view.ViewGroup[1]/android.view.ViewGroup[1]/android.view.ViewGroup[1]/android.view.ViewGroup[1]/android.view.ViewGroup[2]/android.view.ViewGroup[1]/android.view.ViewGroup[7]/android.widget.Button[1]"}[39m
[35m[HTTP][39m [37m<-- POST /wd/hub/session/0b45468b-543c-4569-9d6b-48af886088f8/elements [39m[32m200[39m [90m366 ms - 139[39m
[35m[HTTP][39m [90m[39m
[35m[HTTP][39m [37m-->[39m [37mGET[39m [37m/wd/hub/session/0b45468b-543c-4569-9d6b-48af886088f8/element/00000000-0000-0317-ffff-ffff00000714/location[39m
[35m[HTTP][39m [90m{}[39m
[35m[W3C (0b45468b)][39m Driver proxy active, passing request on via HTTP proxy
[35m[WD Proxy][39m Replacing sessionId 8c8ab36b-e7d9-4bb7-97c2-0b5932d5342b with 0b45468b-543c-4569-9d6b-48af886088f8
[35m[HTTP][39m [37m<-- GET /wd/hub/session/0b45468b-543c-4569-9d6b-48af886088f8/element/00000000-0000-0317-ffff-ffff00000714/location [39m[32m200[39m [90m39 ms - 78[39m
[35m[HTTP][39m [90m[39m
[35m[HTTP][39m [37m-->[39m [37mPOST[39m [37m/wd/hub/session/0b45468b-543c-4569-9d6b-48af886088f8/element/00000000-0000-0317-ffff-ffff00000714/click[39m
[35m[HTTP][39m [90m{"id":"00000000-0000-0317-ffff-ffff00000714"}[39m
[35m[HTTP][39m [37m<-- POST /wd/hub/session/0b45468b-543c-4569-9d6b-48af886088f8/element/00000000-0000-0317-ffff-ffff00000714/click [39m[32m200[39m [90m84 ms - 14[39m
[35m[HTTP][39m [90m[39m
[35m[HTTP][39m [37m-->[39m [37mGET[39m [37m/wd/hub/session/0b45468b-543c-4569-9d6b-48af886088f8/source[39m
[35m[HTTP][39m [90m{}[39m
[35m[W3C (0b45468b)][39m Driver proxy active, passing request on via HTTP proxy
[35m[WD Proxy][39m Replacing sessionId 8c8ab36b-e7d9-4bb7-97c2-0b5932d5342b with 0b45468b-543c-4569-9d6b-48af886088f8
[35m[HTTP][39m [37m<-- GET /wd/hub/session/0b45468b-543c-4569-9d6b-48af886088f8/source [39m[32m200[39m [90m496 ms - 7255[39m
[35m[HTTP][39m [90m[39m
[35m[HTTP][39m [37m-->[39m [37mGET[39m [37m/wd/hub/session/0b45468b-543c-4569-9d6b-48af886088f8/screenshot[39m
[35m[HTTP][39m [90m{}[39m
[35m[HTTP][39m [37m<-- GET /wd/hub/session/0b45468b-543c-4569-9d6b-48af886088f8/screenshot [39m[32m200[39m [90m597 ms - 115420[39m
[35m[HTTP][39m [90m[39m
[35m[HTTP][39m [37m-->[39m [37mPOST[39m [37m/wd/hub/session/0b45468b-543c-4569-9d6b-48af886088f8/elements[39m
[35m[HTTP][39m [90m{"using":"xpath","value":"//*[@class = 'android.widget.TextView' and (@text = 'Ya' or . = 'Ya')]"}[39m
[35m[HTTP][39m [37m<-- POST /wd/hub/session/0b45468b-543c-4569-9d6b-48af886088f8/elements [39m[32m200[39m [90m1486 ms - 139[39m
[35m[HTTP][39m [90m[39m
[35m[HTTP][39m [37m-->[39m [37mGET[39m [37m/wd/hub/session/0b45468b-543c-4569-9d6b-48af886088f8/window/rect[39m
[35m[HTTP][39m [90m{}[39m
[35m[HTTP][39m [37m<-- GET /wd/hub/session/0b45468b-543c-4569-9d6b-48af886088f8/window/rect [39m[32m200[39m [90m22 ms - 50[39m
[35m[HTTP][39m [90m[39m
[35m[HTTP][39m [37m-->[39m [37mPOST[39m [37m/wd/hub/session/0b45468b-543c-4569-9d6b-48af886088f8/elements[39m
[35m[HTTP][39m [90m{"using":"xpath","value":"//*[@class = 'android.widget.TextView' and (@text = 'Ya' or . = 'Ya')]"}[39m
[35m[HTTP][39m [37m<-- POST /wd/hub/session/0b45468b-543c-4569-9d6b-48af886088f8/elements [39m[32m200[39m [90m183 ms - 139[39m
[35m[HTTP][39m [90m[39m
[35m[HTTP][39m [37m-->[39m [37mGET[39m [37m/wd/hub/session/0b45468b-543c-4569-9d6b-48af886088f8/element/00000000-0000-032a-ffff-ffff0000072b/location[39m
[35m[HTTP][39m [90m{}[39m
[35m[W3C (0b45468b)][39m Driver proxy active, passing request on via HTTP proxy
[35m[WD Proxy][39m Replacing sessionId 8c8ab36b-e7d9-4bb7-97c2-0b5932d5342b with 0b45468b-543c-4569-9d6b-48af886088f8
[35m[HTTP][39m [37m<-- GET /wd/hub/session/0b45468b-543c-4569-9d6b-48af886088f8/element/00000000-0000-032a-ffff-ffff0000072b/location [39m[32m200[39m [90m39 ms - 79[39m
[35m[HTTP][39m [90m[39m
[35m[HTTP][39m [37m-->[39m [37mPOST[39m [37m/wd/hub/session/0b45468b-543c-4569-9d6b-48af886088f8/element/00000000-0000-032a-ffff-ffff0000072b/click[39m
[35m[HTTP][39m [90m{"id":"00000000-0000-032a-ffff-ffff0000072b"}[39m
[35m[HTTP][39m [37m<-- POST /wd/hub/session/0b45468b-543c-4569-9d6b-48af886088f8/element/00000000-0000-032a-ffff-ffff0000072b/click [39m[32m200[39m [90m77 ms - 14[39m
[35m[HTTP][39m [90m[39m
[35m[HTTP][39m [37m-->[39m [37mGET[39m [37m/wd/hub/session/0b45468b-543c-4569-9d6b-48af886088f8/source[39m
[35m[HTTP][39m [90m{}[39m
[35m[W3C (0b45468b)][39m Driver proxy active, passing request on via HTTP proxy
[35m[WD Proxy][39m Replacing sessionId 8c8ab36b-e7d9-4bb7-97c2-0b5932d5342b with 0b45468b-543c-4569-9d6b-48af886088f8
[35m[HTTP][39m [37m<-- GET /wd/hub/session/0b45468b-543c-4569-9d6b-48af886088f8/source [39m[32m200[39m [90m1219 ms - 12973[39m
[35m[HTTP][39m [90m[39m
[35m[HTTP][39m [37m-->[39m [37mGET[39m [37m/wd/hub/session/0b45468b-543c-4569-9d6b-48af886088f8/screenshot[39m
[35m[HTTP][39m [90m{}[39m
[35m[HTTP][39m [37m<-- GET /wd/hub/session/0b45468b-543c-4569-9d6b-48af886088f8/screenshot [39m[32m200[39m [90m547 ms - 91590[39m
[35m[HTTP][39m [90m[39m
[35m[HTTP][39m [37m-->[39m [37mPOST[39m [37m/wd/hub/session/0b45468b-543c-4569-9d6b-48af886088f8/elements[39m
[35m[HTTP][39m [90m{"using":"xpath","value":"//*[@class = 'android.widget.TextView' and (@text = 'pengguna' or . = 'pengguna')]"}[39m
[35m[HTTP][39m [37m<-- POST /wd/hub/session/0b45468b-543c-4569-9d6b-48af886088f8/elements [39m[32m200[39m [90m254 ms - 139[39m
[35m[HTTP][39m [90m[39m
[35m[HTTP][39m [37m-->[39m [37mGET[39m [37m/wd/hub/session/0b45468b-543c-4569-9d6b-48af886088f8/window/rect[39m
[35m[HTTP][39m [90m{}[39m
[35m[HTTP][39m [37m<-- GET /wd/hub/session/0b45468b-543c-4569-9d6b-48af886088f8/window/rect [39m[32m200[39m [90m16 ms - 50[39m
[35m[HTTP][39m [90m[39m
[35m[HTTP][39m [37m-->[39m [37mPOST[39m [37m/wd/hub/session/0b45468b-543c-4569-9d6b-48af886088f8/elements[39m
[35m[HTTP][39m [90m{"using":"xpath","value":"//*[@class = 'android.widget.TextView' and (@text = 'pengguna' or . = 'pengguna')]"}[39m
[35m[HTTP][39m [37m<-- POST /wd/hub/session/0b45468b-543c-4569-9d6b-48af886088f8/elements [39m[32m200[39m [90m273 ms - 139[39m
[35m[HTTP][39m [90m[39m
[35m[HTTP][39m [37m-->[39m [37mGET[39m [37m/wd/hub/session/0b45468b-543c-4569-9d6b-48af886088f8/element/00000000-0000-0317-ffff-ffff000006ad/location[39m
[35m[HTTP][39m [90m{}[39m
[35m[W3C (0b45468b)][39m Driver proxy active, passing request on via HTTP proxy
[35m[WD Proxy][39m Replacing sessionId 8c8ab36b-e7d9-4bb7-97c2-0b5932d5342b with 0b45468b-543c-4569-9d6b-48af886088f8
[35m[HTTP][39m [37m<-- GET /wd/hub/session/0b45468b-543c-4569-9d6b-48af886088f8/element/00000000-0000-0317-ffff-ffff000006ad/location [39m[32m200[39m [90m584 ms - 78[39m
[35m[HTTP][39m [90m[39m
[35m[HTTP][39m [37m-->[39m [37mGET[39m [37m/wd/hub/session/0b45468b-543c-4569-9d6b-48af886088f8/element/00000000-0000-0317-ffff-ffff000006ad/text[39m
[35m[HTTP][39m [90m{}[39m
[35m[W3C (0b45468b)][39m Driver proxy active, passing request on via HTTP proxy
[35m[WD Proxy][39m Replacing sessionId 8c8ab36b-e7d9-4bb7-97c2-0b5932d5342b with 0b45468b-543c-4569-9d6b-48af886088f8
[35m[HTTP][39m [37m<-- GET /wd/hub/session/0b45468b-543c-4569-9d6b-48af886088f8/element/00000000-0000-0317-ffff-ffff000006ad/text [39m[32m200[39m [90m52 ms - 71[39m
[35m[HTTP][39m [90m[39m
[35m[HTTP][39m [37m-->[39m [37mGET[39m [37m/wd/hub/session/0b45468b-543c-4569-9d6b-48af886088f8/source[39m
[35m[HTTP][39m [90m{}[39m
[35m[W3C (0b45468b)][39m Driver proxy active, passing request on via HTTP proxy
[35m[WD Proxy][39m Replacing sessionId 8c8ab36b-e7d9-4bb7-97c2-0b5932d5342b with 0b45468b-543c-4569-9d6b-48af886088f8
[35m[HTTP][39m [37m<-- GET /wd/hub/session/0b45468b-543c-4569-9d6b-48af886088f8/source [39m[32m200[39m [90m1766 ms - 12672[39m
[35m[HTTP][39m [90m[39m
[35m[HTTP][39m [37m-->[39m [37mGET[39m [37m/wd/hub/session/0b45468b-543c-4569-9d6b-48af886088f8/screenshot[39m
[35m[HTTP][39m [90m{}[39m
[35m[HTTP][39m [37m<-- GET /wd/hub/session/0b45468b-543c-4569-9d6b-48af886088f8/screenshot [39m[32m200[39m [90m557 ms - 72708[39m
[35m[HTTP][39m [90m[39m
[35m[HTTP][39m [37m-->[39m [37mDELETE[39m [37m/wd/hub/session/0b45468b-543c-4569-9d6b-48af886088f8[39m
[35m[HTTP][39m [90m{}[39m
[35m[Appium][39m Removing session 0b45468b-543c-4569-9d6b-48af886088f8 from our master session list
[35m[UiAutomator2][39m Restoring hidden api policy to the device default configuration
[35m[HTTP][39m [37m<-- DELETE /wd/hub/session/0b45468b-543c-4569-9d6b-48af886088f8 [39m[32m200[39m [90m303 ms - 14[39m
[35m[HTTP][39m [90m[39m
